<?xml version="1.0" encoding="UTF-8"?>
<!-- Generated by org.testng.reporters.JUnitXMLReporter -->
<testsuite hostname="PS8676" name="casestudytest" tests="1" failures="1" timestamp="18 Aug 2016 08:56:07 GMT" time="0.053" errors="0">
  <testcase name="verifySuccessful_Login_ToApplication" time="0.014" classname="com.vsm.casestudy.mainTest">
    <failure type="java.lang.NullPointerException">
      <![CDATA[java.lang.NullPointerException
	at com.vsm.casestudy.loginpage.applicationlogin(loginpage.java:8)
	at com.vsm.casestudy.mainTest.verifySuccessful_Login_ToApplication(mainTest.java:27)
... Removed 24 stack frames]]>
    </failure>
  </testcase> <!-- verifySuccessful_Login_ToApplication -->
</testsuite> <!-- casestudytest -->
