<?xml version="1.0" encoding="UTF-8"?>
<!-- Generated by org.testng.reporters.JUnitXMLReporter -->
<testsuite hostname="PS8676" name="Default test" tests="4" failures="0" timestamp="18 Aug 2016 09:29:33 GMT" time="10.571" errors="0">
  <testcase name="verifySuccessful_Login_ToApplication" time="0.008" classname="com.vsm.casestudy.mainTest"/>
  <testcase name="verifySuccessful_WelcomePage" time="0.004" classname="com.vsm.casestudy.mainTest"/>
  <testcase name="verifySuccessful_DarshboardPage" time="0.007" classname="com.vsm.casestudy.mainTest"/>
  <testcase name="verifySuccessful_ExecutivePage" time="0.005" classname="com.vsm.casestudy.mainTest"/>
</testsuite> <!-- Default test -->
