-------------------------------------------------------------------------------
Test set: com.vsm.casestudy.mainTest
-------------------------------------------------------------------------------
Tests run: 4, Failures: 4, Errors: 0, Skipped: 0, Time elapsed: 22.204 sec <<< FAILURE!
verifySuccessful_DarshboardPage(com.vsm.casestudy.mainTest)  Time elapsed: 0.019 sec  <<< FAILURE!
java.lang.NullPointerException
	at com.vsm.casestudy.dashboard.dashboardpage(dashboard.java:8)
	at com.vsm.casestudy.mainTest.verifySuccessful_DarshboardPage(mainTest.java:37)

verifySuccessful_ExecutivePage(com.vsm.casestudy.mainTest)  Time elapsed: 0 sec  <<< FAILURE!
java.lang.NullPointerException
	at com.vsm.casestudy.executiveSummary.executiveSummarypage(executiveSummary.java:8)
	at com.vsm.casestudy.mainTest.verifySuccessful_ExecutivePage(mainTest.java:42)

verifySuccessful_Login_ToApplication(com.vsm.casestudy.mainTest)  Time elapsed: 0 sec  <<< FAILURE!
java.lang.NullPointerException
	at com.vsm.casestudy.loginpage.applicationlogin(loginpage.java:11)
	at com.vsm.casestudy.mainTest.verifySuccessful_Login_ToApplication(mainTest.java:27)

verifySuccessful_WelcomePage(com.vsm.casestudy.mainTest)  Time elapsed: 0 sec  <<< FAILURE!
java.lang.NullPointerException
	at com.vsm.casestudy.welcomepage.welcomescreen(welcomepage.java:8)
	at com.vsm.casestudy.mainTest.verifySuccessful_WelcomePage(mainTest.java:32)

