<?xml version="1.0" encoding="UTF-8" ?>
<testsuite failures="4" time="0.019" errors="0" skipped="0" tests="4" name="com.vsm.casestudy.mainTest">
  <properties>
[...]
</properties>
  <testcase time="0.019" classname="com.vsm.casestudy.mainTest" name="verifySuccessful_DarshboardPage">
    <failure type="java.lang.NullPointerException">java.lang.NullPointerException
	at com.vsm.casestudy.dashboard.dashboardpage(dashboard.java:8)
	at com.vsm.casestudy.mainTest.verifySuccessful_DarshboardPage(mainTest.java:37)
</failure>
    <system-out>Configuring TestNG with: org.apache.maven.surefire.testng.conf.TestNG652Configurator@40d6dec
</system-out>
  </testcase>
  <testcase time="0" classname="com.vsm.casestudy.mainTest" name="verifySuccessful_ExecutivePage">
    <failure type="java.lang.NullPointerException">java.lang.NullPointerException
	at com.vsm.casestudy.executiveSummary.executiveSummarypage(executiveSummary.java:8)
	at com.vsm.casestudy.mainTest.verifySuccessful_ExecutivePage(mainTest.java:42)
</failure>
  </testcase>
  <testcase time="0" classname="com.vsm.casestudy.mainTest" name="verifySuccessful_Login_ToApplication">
    <failure type="java.lang.NullPointerException">java.lang.NullPointerException
	at com.vsm.casestudy.loginpage.applicationlogin(loginpage.java:11)
	at com.vsm.casestudy.mainTest.verifySuccessful_Login_ToApplication(mainTest.java:27)
</failure>
    <system-out>Login into the Vulnerability Management System
</system-out>
  </testcase>
  <testcase time="0" classname="com.vsm.casestudy.mainTest" name="verifySuccessful_WelcomePage">
    <failure type="java.lang.NullPointerException">java.lang.NullPointerException
	at com.vsm.casestudy.welcomepage.welcomescreen(welcomepage.java:8)
	at com.vsm.casestudy.mainTest.verifySuccessful_WelcomePage(mainTest.java:32)
</failure>
  </testcase>
</testsuite>