<?xml version="1.0" encoding="UTF-8"?>
<testng-results skipped="0" failed="0" total="4" passed="4">
  <reporter-output>
  </reporter-output>
  <suite name="Default suite" duration-ms="10571" started-at="2016-08-18T09:29:23Z" finished-at="2016-08-18T09:29:33Z">
    <groups>
    </groups>
    <test name="Default test" duration-ms="10571" started-at="2016-08-18T09:29:23Z" finished-at="2016-08-18T09:29:33Z">
      <class name="com.vsm.casestudy.mainTest">
        <test-method status="PASS" signature="setUp()[pri:0, instance:com.vsm.casestudy.mainTest@486ab98]" name="setUp" is-config="true" duration-ms="9782" started-at="2016-08-18T14:59:23Z" finished-at="2016-08-18T14:59:32Z">
          <reporter-output>
          </reporter-output>
        </test-method> <!-- setUp -->
        <test-method status="PASS" signature="verifySuccessful_Login_ToApplication()[pri:0, instance:com.vsm.casestudy.mainTest@486ab98]" name="verifySuccessful_Login_ToApplication" duration-ms="8" started-at="2016-08-18T14:59:32Z" finished-at="2016-08-18T14:59:32Z">
          <reporter-output>
          </reporter-output>
        </test-method> <!-- verifySuccessful_Login_ToApplication -->
        <test-method status="PASS" signature="verifySuccessful_WelcomePage()[pri:0, instance:com.vsm.casestudy.mainTest@486ab98]" name="verifySuccessful_WelcomePage" duration-ms="4" started-at="2016-08-18T14:59:32Z" finished-at="2016-08-18T14:59:32Z">
          <reporter-output>
          </reporter-output>
        </test-method> <!-- verifySuccessful_WelcomePage -->
        <test-method status="PASS" signature="verifySuccessful_DarshboardPage()[pri:0, instance:com.vsm.casestudy.mainTest@486ab98]" name="verifySuccessful_DarshboardPage" duration-ms="7" started-at="2016-08-18T14:59:32Z" finished-at="2016-08-18T14:59:32Z">
          <reporter-output>
          </reporter-output>
        </test-method> <!-- verifySuccessful_DarshboardPage -->
        <test-method status="PASS" signature="verifySuccessful_ExecutivePage()[pri:0, instance:com.vsm.casestudy.mainTest@486ab98]" name="verifySuccessful_ExecutivePage" duration-ms="5" started-at="2016-08-18T14:59:32Z" finished-at="2016-08-18T14:59:32Z">
          <reporter-output>
          </reporter-output>
        </test-method> <!-- verifySuccessful_ExecutivePage -->
        <test-method status="PASS" signature="tearDown()[pri:0, instance:com.vsm.casestudy.mainTest@486ab98]" name="tearDown" is-config="true" duration-ms="728" started-at="2016-08-18T14:59:32Z" finished-at="2016-08-18T14:59:33Z">
          <reporter-output>
          </reporter-output>
        </test-method> <!-- tearDown -->
      </class> <!-- com.vsm.casestudy.mainTest -->
    </test> <!-- Default test -->
  </suite> <!-- Default suite -->
</testng-results>
