<?xml version="1.0" encoding="UTF-8"?>
<!-- Generated by org.testng.reporters.JUnitXMLReporter -->
<testsuite hostname="PS8676" name="Command line test" tests="4" failures="4" timestamp="18 Aug 2016 05:03:04 GMT" time="19.574" errors="0">
  <testcase name="verifySuccessful_DarshboardPage" time="0.006" classname="com.vsm.casestudy.mainTest">
    <failure type="java.lang.NullPointerException">
      <![CDATA[java.lang.NullPointerException
	at com.vsm.casestudy.dashboard.dashboardpage(dashboard.java:8)
	at com.vsm.casestudy.mainTest.verifySuccessful_DarshboardPage(mainTest.java:37)
... Removed 33 stack frames]]>
    </failure>
  </testcase> <!-- verifySuccessful_DarshboardPage -->
  <testcase name="verifySuccessful_ExecutivePage" time="0.001" classname="com.vsm.casestudy.mainTest">
    <failure type="java.lang.NullPointerException">
      <![CDATA[java.lang.NullPointerException
	at com.vsm.casestudy.executiveSummary.executiveSummarypage(executiveSummary.java:8)
	at com.vsm.casestudy.mainTest.verifySuccessful_ExecutivePage(mainTest.java:42)
... Removed 33 stack frames]]>
    </failure>
  </testcase> <!-- verifySuccessful_ExecutivePage -->
  <testcase name="verifySuccessful_Login_ToApplication" time="0.002" classname="com.vsm.casestudy.mainTest">
    <failure type="java.lang.NullPointerException">
      <![CDATA[java.lang.NullPointerException
	at com.vsm.casestudy.loginpage.applicationlogin(loginpage.java:11)
	at com.vsm.casestudy.mainTest.verifySuccessful_Login_ToApplication(mainTest.java:27)
... Removed 33 stack frames]]>
    </failure>
  </testcase> <!-- verifySuccessful_Login_ToApplication -->
  <testcase name="verifySuccessful_WelcomePage" time="0.001" classname="com.vsm.casestudy.mainTest">
    <failure type="java.lang.NullPointerException">
      <![CDATA[java.lang.NullPointerException
	at com.vsm.casestudy.welcomepage.welcomescreen(welcomepage.java:8)
	at com.vsm.casestudy.mainTest.verifySuccessful_WelcomePage(mainTest.java:32)
... Removed 33 stack frames]]>
    </failure>
  </testcase> <!-- verifySuccessful_WelcomePage -->
</testsuite> <!-- Command line test -->
